{
  "stats": {
    "suites": 1,
    "tests": 1,
    "passes": 1,
    "pending": 0,
    "failures": 0,
    "start": "2025-02-05T17:33:42.488Z",
    "end": "2025-02-05T17:34:06.166Z",
    "duration": 23678,
    "testsRegistered": 1,
    "passPercent": 100,
    "pendingPercent": 0,
    "other": 0,
    "hasOther": false,
    "skipped": 0,
    "hasSkipped": false
  },
  "results": [
    {
      "uuid": "afa6b8d9-2ba1-468f-9324-e6cf607d2c07",
      "title": "",
      "fullFile": "cypress/e2e/checkout.cy.js",
      "file": "cypress/e2e/checkout.cy.js",
      "beforeHooks": [],
      "afterHooks": [],
      "tests": [],
      "suites": [
        {
          "uuid": "861fec52-2ced-48b6-b435-77f602d1d614",
          "title": "Fluxo de Checkout",
          "fullFile": "",
          "file": "",
          "beforeHooks": [],
          "afterHooks": [],
          "tests": [
            {
              "title": "Deve concluir a compra com sucesso (Qase ID: 1)",
              "fullTitle": "Fluxo de Checkout Deve concluir a compra com sucesso (Qase ID: 1)",
              "timedOut": null,
              "duration": 23635,
              "state": "passed",
              "speed": "slow",
              "pass": true,
              "fail": false,
              "pending": false,
              "context": null,
              "code": "cy.guiLogin();\ncy.buscarProduto();\ncy.selecionarProduto();\ncy.adicionarProduto();\ncy.checkout();",
              "err": {},
              "uuid": "94139915-be45-4f7a-8ca8-09193b4497ec",
              "parentUUID": "861fec52-2ced-48b6-b435-77f602d1d614",
              "isHook": false,
              "skipped": false
            }
          ],
          "suites": [],
          "passes": [
            "94139915-be45-4f7a-8ca8-09193b4497ec"
          ],
          "failures": [],
          "pending": [],
          "skipped": [],
          "duration": 23635,
          "root": false,
          "rootEmpty": false,
          "_timeout": 2000
        }
      ],
      "passes": [],
      "failures": [],
      "pending": [],
      "skipped": [],
      "duration": 0,
      "root": true,
      "rootEmpty": true,
      "_timeout": 2000
    }
  ],
  "meta": {
    "mocha": {
      "version": "7.0.1"
    },
    "mochawesome": {
      "options": {
        "quiet": false,
        "reportFilename": "mochawesome",
        "saveHtml": false,
        "saveJson": true,
        "consoleReporter": "spec",
        "useInlineDiffs": false,
        "code": true
      },
      "version": "7.1.3"
    },
    "marge": {
      "options": {
        "id": "default",
        "charts": true,
        "overwrite": false,
        "html": false,
        "json": true,
        "reportDir": "cypress/reports/html/.jsons"
      },
      "version": "6.2.0"
    }
  }
}