{
  "stats": {
    "suites": 1,
    "tests": 1,
    "passes": 1,
    "pending": 0,
    "failures": 0,
    "start": "2025-02-05T17:42:58.412Z",
    "end": "2025-02-05T17:43:22.066Z",
    "duration": 23654,
    "testsRegistered": 1,
    "passPercent": 100,
    "pendingPercent": 0,
    "other": 0,
    "hasOther": false,
    "skipped": 0,
    "hasSkipped": false
  },
  "results": [
    {
      "uuid": "b89cf649-db5d-4620-ae61-a1c9afbf4280",
      "title": "",
      "fullFile": "cypress/e2e/checkout.cy.js",
      "file": "cypress/e2e/checkout.cy.js",
      "beforeHooks": [],
      "afterHooks": [],
      "tests": [],
      "suites": [
        {
          "uuid": "559b556e-5a6d-4089-9252-e0c7ae52154b",
          "title": "Fluxo de Checkout",
          "fullFile": "",
          "file": "",
          "beforeHooks": [],
          "afterHooks": [],
          "tests": [
            {
              "title": "Deve concluir a compra com sucesso (Qase ID: 1)",
              "fullTitle": "Fluxo de Checkout Deve concluir a compra com sucesso (Qase ID: 1)",
              "timedOut": null,
              "duration": 23614,
              "state": "passed",
              "speed": "slow",
              "pass": true,
              "fail": false,
              "pending": false,
              "context": null,
              "code": "cy.guiLogin();\ncy.buscarProduto();\ncy.selecionarProduto();\ncy.adicionarProduto();\ncy.checkout();",
              "err": {},
              "uuid": "8e64d396-70ba-4084-8b8a-ff828132280e",
              "parentUUID": "559b556e-5a6d-4089-9252-e0c7ae52154b",
              "isHook": false,
              "skipped": false
            }
          ],
          "suites": [],
          "passes": [
            "8e64d396-70ba-4084-8b8a-ff828132280e"
          ],
          "failures": [],
          "pending": [],
          "skipped": [],
          "duration": 23614,
          "root": false,
          "rootEmpty": false,
          "_timeout": 2000
        }
      ],
      "passes": [],
      "failures": [],
      "pending": [],
      "skipped": [],
      "duration": 0,
      "root": true,
      "rootEmpty": true,
      "_timeout": 2000
    }
  ],
  "meta": {
    "mocha": {
      "version": "7.0.1"
    },
    "mochawesome": {
      "options": {
        "quiet": false,
        "reportFilename": "mochawesome",
        "saveHtml": false,
        "saveJson": true,
        "consoleReporter": "spec",
        "useInlineDiffs": false,
        "code": true
      },
      "version": "7.1.3"
    },
    "marge": {
      "options": {
        "id": "default",
        "charts": true,
        "overwrite": false,
        "html": false,
        "json": true,
        "reportDir": "cypress/reports/html/.jsons"
      },
      "version": "6.2.0"
    }
  }
}